{"C:\\Users\\ben19\\bootcamp\\Week12\\challenge\\Team-Profile-Generator\\lib\\Employee.js": {"path":"C:\\Users\\ben19\\bootcamp\\Week12\\challenge\\Team-Profile-Generator\\lib\\Employee.js","statementMap":{},"fnMap":{},"branchMap":{},"s":{},"f":{},"b":{},"_coverageSchema":"1a1c01bbd47fc00a2c39e90264f33305004495a9","hash":"4af112428e09f94a768c6efa76f7ad1f1d7b4ca3"}
,"C:\\Users\\ben19\\bootcamp\\Week12\\challenge\\Team-Profile-Generator\\lib\\Engineer.js": {"path":"C:\\Users\\ben19\\bootcamp\\Week12\\challenge\\Team-Profile-Generator\\lib\\Engineer.js","statementMap":{},"fnMap":{},"branchMap":{},"s":{},"f":{},"b":{},"_coverageSchema":"1a1c01bbd47fc00a2c39e90264f33305004495a9","hash":"45cfd3a33498b7100c87f205b4974bda626e0827"}
,"C:\\Users\\ben19\\bootcamp\\Week12\\challenge\\Team-Profile-Generator\\lib\\Intern.js": {"path":"C:\\Users\\ben19\\bootcamp\\Week12\\challenge\\Team-Profile-Generator\\lib\\Intern.js","statementMap":{},"fnMap":{},"branchMap":{},"s":{},"f":{},"b":{},"_coverageSchema":"1a1c01bbd47fc00a2c39e90264f33305004495a9","hash":"4696d1151e77c48448b934eee83a8c0f495f68ab"}
,"C:\\Users\\ben19\\bootcamp\\Week12\\challenge\\Team-Profile-Generator\\lib\\Manager.js": {"path":"C:\\Users\\ben19\\bootcamp\\Week12\\challenge\\Team-Profile-Generator\\lib\\Manager.js","statementMap":{},"fnMap":{},"branchMap":{},"s":{},"f":{},"b":{},"_coverageSchema":"1a1c01bbd47fc00a2c39e90264f33305004495a9","hash":"c3c4060f5d604841dfca03e76282f1742207521f"}
}
